# JRE version: Java(TM) SE Runtime Environment (8.0_45-b14) (build 1.8.0_45-b14)
# Java VM: Java HotSpot(TM) 64-Bit Server VM (25.45-b02 mixed mode bsd-amd64 compressed oops)
Heap:
 PSYoungGen      total 61952K, used 8496K [0x0000000795580000, 0x000000079a080000, 0x00000007c0000000)
  eden space 56832K, 5% used [0x0000000795580000,0x00000007958d3138,0x0000000798d00000)
  from space 5120K, 99% used [0x0000000799b80000,0x000000079a079020,0x000000079a080000)
  to   space 5120K, 0% used [0x0000000799680000,0x0000000799680000,0x0000000799b80000)
 ParOldGen       total 52224K, used 9768K [0x0000000740000000, 0x0000000743300000, 0x0000000795580000)
  object space 52224K, 18% used [0x0000000740000000,0x000000074098a148,0x0000000743300000)
 Metaspace       used 23102K, capacity 24962K, committed 25216K, reserved 1071104K
  class space    used 3332K, capacity 3668K, committed 3712K, reserved 1048576K
GC Heap History (10 events):
Event: 1.135 GC heap before
{Heap before GC invocations=1 (full 0):
 PSYoungGen      total 38400K, used 33280K [0x0000000795580000, 0x0000000798000000, 0x00000007c0000000)
  eden space 33280K, 100% used [0x0000000795580000,0x0000000797600000,0x0000000797600000)
  from space 5120K, 0% used [0x0000000797b00000,0x0000000797b00000,0x0000000798000000)
  to   space 5120K, 0% used [0x0000000797600000,0x0000000797600000,0x0000000797b00000)
 ParOldGen       total 87552K, used 0K [0x0000000740000000, 0x0000000745580000, 0x0000000795580000)
  object space 87552K, 0% used [0x0000000740000000,0x0000000740000000,0x0000000745580000)
 Metaspace       used 13555K, capacity 13990K, committed 14080K, reserved 1060864K
  class space    used 1887K, capacity 2029K, committed 2048K, reserved 1048576K
Event: 1.140 GC heap after
Heap after GC invocations=1 (full 0):
 PSYoungGen      total 38400K, used 4496K [0x0000000795580000, 0x0000000798000000, 0x00000007c0000000)
  eden space 33280K, 0% used [0x0000000795580000,0x0000000795580000,0x0000000797600000)
  from space 5120K, 87% used [0x0000000797600000,0x0000000797a64030,0x0000000797b00000)
  to   space 5120K, 0% used [0x0000000797b00000,0x0000000797b00000,0x0000000798000000)
 ParOldGen       total 87552K, used 80K [0x0000000740000000, 0x0000000745580000, 0x0000000795580000)
  object space 87552K, 0% used [0x0000000740000000,0x0000000740014010,0x0000000745580000)
 Metaspace       used 13555K, capacity 13990K, committed 14080K, reserved 1060864K
  class space    used 1887K, capacity 2029K, committed 2048K, reserved 1048576K
}
Event: 4.766 GC heap before
{Heap before GC invocations=2 (full 0):
 PSYoungGen      total 38400K, used 37776K [0x0000000795580000, 0x0000000798000000, 0x00000007c0000000)
  eden space 33280K, 100% used [0x0000000795580000,0x0000000797600000,0x0000000797600000)
  from space 5120K, 87% used [0x0000000797600000,0x0000000797a64030,0x0000000797b00000)
  to   space 5120K, 0% used [0x0000000797b00000,0x0000000797b00000,0x0000000798000000)
 ParOldGen       total 87552K, used 80K [0x0000000740000000, 0x0000000745580000, 0x0000000795580000)
  object space 87552K, 0% used [0x0000000740000000,0x0000000740014010,0x0000000745580000)
 Metaspace       used 19451K, capacity 20576K, committed 20864K, reserved 1067008K
  class space    used 2861K, capacity 3119K, committed 3200K, reserved 1048576K
Event: 4.773 GC heap after
Heap after GC invocations=2 (full 0):
 PSYoungGen      total 38400K, used 5104K [0x0000000795580000, 0x0000000798000000, 0x00000007c0000000)
  eden space 33280K, 0% used [0x0000000795580000,0x0000000795580000,0x0000000797600000)
  from space 5120K, 99% used [0x0000000797b00000,0x0000000797ffc380,0x0000000798000000)
  to   space 5120K, 0% used [0x0000000797600000,0x0000000797600000,0x0000000797b00000)
 ParOldGen       total 87552K, used 2587K [0x0000000740000000, 0x0000000745580000, 0x0000000795580000)
  object space 87552K, 2% used [0x0000000740000000,0x0000000740286d18,0x0000000745580000)
 Metaspace       used 19451K, capacity 20576K, committed 20864K, reserved 1067008K
  class space    used 2861K, capacity 3119K, committed 3200K, reserved 1048576K
}
Event: 4.854 GC heap before
{Heap before GC invocations=3 (full 0):
 PSYoungGen      total 38400K, used 11681K [0x0000000795580000, 0x0000000798000000, 0x00000007c0000000)
  eden space 33280K, 19% used [0x0000000795580000,0x0000000795bec380,0x0000000797600000)
  from space 5120K, 99% used [0x0000000797b00000,0x0000000797ffc380,0x0000000798000000)
  to   space 5120K, 0% used [0x0000000797600000,0x0000000797600000,0x0000000797b00000)
 ParOldGen       total 87552K, used 2587K [0x0000000740000000, 0x0000000745580000, 0x0000000795580000)
  object space 87552K, 2% used [0x0000000740000000,0x0000000740286d18,0x0000000745580000)
 Metaspace       used 19931K, capacity 21120K, committed 21296K, reserved 1067008K
  class space    used 2935K, capacity 3199K, committed 3200K, reserved 1048576K
Event: 4.859 GC heap after
Heap after GC invocations=3 (full 0):
 PSYoungGen      total 38400K, used 5088K [0x0000000795580000, 0x000000079a080000, 0x00000007c0000000)
  eden space 33280K, 0% used [0x0000000795580000,0x0000000795580000,0x0000000797600000)
  from space 5120K, 99% used [0x0000000797600000,0x0000000797af8040,0x0000000797b00000)
  to   space 5120K, 0% used [0x0000000799b80000,0x0000000799b80000,0x000000079a080000)
 ParOldGen       total 87552K, used 3049K [0x0000000740000000, 0x0000000745580000, 0x0000000795580000)
  object space 87552K, 3% used [0x0000000740000000,0x00000007402fa7a0,0x0000000745580000)
 Metaspace       used 19931K, capacity 21120K, committed 21296K, reserved 1067008K
  class space    used 2935K, capacity 3199K, committed 3200K, reserved 1048576K
}
Event: 4.859 GC heap before
{Heap before GC invocations=4 (full 1):
 PSYoungGen      total 38400K, used 5088K [0x0000000795580000, 0x000000079a080000, 0x00000007c0000000)
  eden space 33280K, 0% used [0x0000000795580000,0x0000000795580000,0x0000000797600000)
  from space 5120K, 99% used [0x0000000797600000,0x0000000797af8040,0x0000000797b00000)
  to   space 5120K, 0% used [0x0000000799b80000,0x0000000799b80000,0x000000079a080000)
 ParOldGen       total 87552K, used 3049K [0x0000000740000000, 0x0000000745580000, 0x0000000795580000)
  object space 87552K, 3% used [0x0000000740000000,0x00000007402fa7a0,0x0000000745580000)
 Metaspace       used 19931K, capacity 21120K, committed 21296K, reserved 1067008K
  class space    used 2935K, capacity 3199K, committed 3200K, reserved 1048576K
Event: 4.891 GC heap after
Heap after GC invocations=4 (full 1):
 PSYoungGen      total 38400K, used 0K [0x0000000795580000, 0x000000079a080000, 0x00000007c0000000)
  eden space 33280K, 0% used [0x0000000795580000,0x0000000795580000,0x0000000797600000)
  from space 5120K, 0% used [0x0000000797600000,0x0000000797600000,0x0000000797b00000)
  to   space 5120K, 0% used [0x0000000799b80000,0x0000000799b80000,0x000000079a080000)
 ParOldGen       total 52224K, used 7033K [0x0000000740000000, 0x0000000743300000, 0x0000000795580000)
  object space 52224K, 13% used [0x0000000740000000,0x00000007406de570,0x0000000743300000)
 Metaspace       used 19931K, capacity 21120K, committed 21296K, reserved 1067008K
  class space    used 2935K, capacity 3199K, committed 3200K, reserved 1048576K
}
Event: 17.949 GC heap before
{Heap before GC invocations=5 (full 1):
 PSYoungGen      total 38400K, used 33280K [0x0000000795580000, 0x000000079a080000, 0x00000007c0000000)
  eden space 33280K, 100% used [0x0000000795580000,0x0000000797600000,0x0000000797600000)
  from space 5120K, 0% used [0x0000000797600000,0x0000000797600000,0x0000000797b00000)
  to   space 5120K, 0% used [0x0000000799b80000,0x0000000799b80000,0x000000079a080000)
 ParOldGen       total 52224K, used 7033K [0x0000000740000000, 0x0000000743300000, 0x0000000795580000)
  object space 52224K, 13% used [0x0000000740000000,0x00000007406de570,0x0000000743300000)
 Metaspace       used 23087K, capacity 24962K, committed 25216K, reserved 1071104K
  class space    used 3331K, capacity 3668K, committed 3712K, reserved 1048576K
Event: 17.957 GC heap after
Heap after GC invocations=5 (full 1):
 PSYoungGen      total 61952K, used 5092K [0x0000000795580000, 0x000000079a080000, 0x00000007c0000000)
  eden space 56832K, 0% used [0x0000000795580000,0x0000000795580000,0x0000000798d00000)
  from space 5120K, 99% used [0x0000000799b80000,0x000000079a079020,0x000000079a080000)
  to   space 5120K, 0% used [0x0000000799680000,0x0000000799680000,0x0000000799b80000)
 ParOldGen       total 52224K, used 9768K [0x0000000740000000, 0x0000000743300000, 0x0000000795580000)
  object space 52224K, 18% used [0x0000000740000000,0x000000074098a148,0x0000000743300000)
 Metaspace       used 23087K, capacity 24962K, committed 25216K, reserved 1071104K
  class space    used 3331K, capacity 3668K, committed 3712K, reserved 1048576K
}

